{"name":"hexo","hostname":"huangxudeMBP.lan","pid":22112,"level":20,"msg":"Hexo version: \u001b[35m3.1.1\u001b[39m","time":"2015-12-20T08:32:57.595Z","v":0}
{"name":"hexo","hostname":"huangxudeMBP.lan","pid":22112,"level":20,"msg":"Working directory: \u001b[35m~/derekhuangxu.tech/derekhuangxu.github.io/\u001b[39m","time":"2015-12-20T08:32:57.599Z","v":0}
{"name":"hexo","hostname":"huangxudeMBP.lan","pid":22112,"level":20,"msg":"Config loaded: \u001b[35m~/derekhuangxu.tech/derekhuangxu.github.io/_config.yml\u001b[39m","time":"2015-12-20T08:32:57.882Z","v":0}
{"name":"hexo","hostname":"huangxudeMBP.lan","pid":22112,"level":20,"msg":"Plugin loaded: \u001b[35mhexo-deployer-git\u001b[39m","time":"2015-12-20T08:32:57.937Z","v":0}
{"name":"hexo","hostname":"huangxudeMBP.lan","pid":22112,"level":20,"msg":"Plugin loaded: \u001b[35mhexo-generator-category\u001b[39m","time":"2015-12-20T08:32:57.951Z","v":0}
{"name":"hexo","hostname":"huangxudeMBP.lan","pid":22112,"level":20,"msg":"Plugin loaded: \u001b[35mhexo-generator-archive\u001b[39m","time":"2015-12-20T08:32:57.954Z","v":0}
{"name":"hexo","hostname":"huangxudeMBP.lan","pid":22112,"level":20,"msg":"Plugin loaded: \u001b[35mhexo-generator-tag\u001b[39m","time":"2015-12-20T08:32:57.957Z","v":0}
{"name":"hexo","hostname":"huangxudeMBP.lan","pid":22112,"level":20,"msg":"Plugin loaded: \u001b[35mhexo-generator-index\u001b[39m","time":"2015-12-20T08:32:57.959Z","v":0}
{"name":"hexo","hostname":"huangxudeMBP.lan","pid":22112,"level":20,"msg":"Plugin loaded: \u001b[35mhexo-generator-cname\u001b[39m","time":"2015-12-20T08:32:57.959Z","v":0}
{"name":"hexo","hostname":"huangxudeMBP.lan","pid":22112,"level":20,"msg":"Plugin loaded: \u001b[35mhexo-renderer-ejs\u001b[39m","time":"2015-12-20T08:32:57.976Z","v":0}
{"name":"hexo","hostname":"huangxudeMBP.lan","pid":22112,"level":20,"msg":"Plugin loaded: \u001b[35mhexo-renderer-marked\u001b[39m","time":"2015-12-20T08:32:58.165Z","v":0}
{"name":"hexo","hostname":"huangxudeMBP.lan","pid":22112,"level":20,"msg":"Plugin loaded: \u001b[35mhexo-server\u001b[39m","time":"2015-12-20T08:32:58.406Z","v":0}
{"name":"hexo","hostname":"huangxudeMBP.lan","pid":22112,"level":20,"msg":"Plugin loaded: \u001b[35mhexo-renderer-stylus\u001b[39m","time":"2015-12-20T08:32:58.713Z","v":0}
{"name":"hexo","hostname":"huangxudeMBP.lan","pid":22112,"level":20,"msg":"Script loaded: \u001b[35mthemes/next/scripts/tags/full-image.js\u001b[39m","time":"2015-12-20T08:32:58.722Z","v":0}
{"name":"hexo","hostname":"huangxudeMBP.lan","pid":22112,"level":20,"msg":"Script loaded: \u001b[35mthemes/next/scripts/merge-configs.js\u001b[39m","time":"2015-12-20T08:32:58.723Z","v":0}
{"name":"hexo","hostname":"huangxudeMBP.lan","pid":22112,"level":20,"msg":"Script loaded: \u001b[35mthemes/next/scripts/tags/center-quote.js\u001b[39m","time":"2015-12-20T08:32:58.725Z","v":0}
{"name":"hexo","hostname":"huangxudeMBP.lan","pid":22112,"level":20,"msg":"Script loaded: \u001b[35mthemes/next/scripts/tags/group-pictures.js\u001b[39m","time":"2015-12-20T08:32:58.735Z","v":0}
{"name":"hexo","hostname":"huangxudeMBP.lan","pid":22112,"level":20,"msg":"Loading database.","time":"2015-12-20T08:32:58.745Z","v":0}
{"name":"hexo","hostname":"huangxudeMBP.lan","pid":22112,"level":20,"msg":"Added: \u001b[35msource/_posts/hello-world.md\u001b[39m","time":"2015-12-20T08:32:58.789Z","v":0}
{"name":"hexo","hostname":"huangxudeMBP.lan","pid":22112,"level":20,"msg":"Added: \u001b[35msource/_posts/Apple Watch使用指南.md\u001b[39m","time":"2015-12-20T08:32:58.791Z","v":0}
{"name":"hexo","hostname":"huangxudeMBP.lan","pid":22112,"level":20,"msg":"Added: \u001b[35msource/_posts/支付宝SDK集成.md\u001b[39m","time":"2015-12-20T08:32:58.792Z","v":0}
{"name":"hexo","hostname":"huangxudeMBP.lan","pid":22112,"level":20,"msg":"Added: \u001b[35mthemes/next/source/css/_common/_page/home.styl\u001b[39m","time":"2015-12-20T08:32:58.859Z","v":0}
{"name":"hexo","hostname":"huangxudeMBP.lan","pid":22112,"level":20,"msg":"Added: \u001b[35mthemes/next/source/css/_mixins/Mist.styl\u001b[39m","time":"2015-12-20T08:32:58.859Z","v":0}
{"name":"hexo","hostname":"huangxudeMBP.lan","pid":22112,"level":20,"msg":"Added: \u001b[35mthemes/next/source/css/_mixins/custom.styl\u001b[39m","time":"2015-12-20T08:32:58.859Z","v":0}
{"name":"hexo","hostname":"huangxudeMBP.lan","pid":22112,"level":20,"msg":"Added: \u001b[35mthemes/next/source/css/_mixins/default.styl\u001b[39m","time":"2015-12-20T08:32:58.859Z","v":0}
{"name":"hexo","hostname":"huangxudeMBP.lan","pid":22112,"level":20,"msg":"Added: \u001b[35mthemes/next/source/css/_variables/custom.styl\u001b[39m","time":"2015-12-20T08:32:58.860Z","v":0}
{"name":"hexo","hostname":"huangxudeMBP.lan","pid":22112,"level":20,"msg":"Added: \u001b[35mthemes/next/source/css/_variables/default.styl\u001b[39m","time":"2015-12-20T08:32:58.860Z","v":0}
{"name":"hexo","hostname":"huangxudeMBP.lan","pid":22112,"level":20,"msg":"Added: \u001b[35mthemes/next/_config.yml\u001b[39m","time":"2015-12-20T08:32:58.880Z","v":0}
{"name":"hexo","hostname":"huangxudeMBP.lan","pid":22112,"level":20,"msg":"Added: \u001b[35mthemes/next/bower.json\u001b[39m","time":"2015-12-20T08:32:58.881Z","v":0}
{"name":"hexo","hostname":"huangxudeMBP.lan","pid":22112,"level":20,"msg":"Added: \u001b[35mthemes/next/languages/de.yml\u001b[39m","time":"2015-12-20T08:32:58.881Z","v":0}
{"name":"hexo","hostname":"huangxudeMBP.lan","pid":22112,"level":20,"msg":"Added: \u001b[35mthemes/next/README.md\u001b[39m","time":"2015-12-20T08:32:58.881Z","v":0}
{"name":"hexo","hostname":"huangxudeMBP.lan","pid":22112,"level":20,"msg":"Added: \u001b[35mthemes/next/README.en.md\u001b[39m","time":"2015-12-20T08:32:58.881Z","v":0}
{"name":"hexo","hostname":"huangxudeMBP.lan","pid":22112,"level":20,"msg":"Added: \u001b[35mthemes/next/languages/pt.yml\u001b[39m","time":"2015-12-20T08:32:58.882Z","v":0}
{"name":"hexo","hostname":"huangxudeMBP.lan","pid":22112,"level":20,"msg":"Added: \u001b[35mthemes/next/languages/default.yml\u001b[39m","time":"2015-12-20T08:32:58.883Z","v":0}
{"name":"hexo","hostname":"huangxudeMBP.lan","pid":22112,"level":20,"msg":"Added: \u001b[35mthemes/next/languages/fr-FR.yml\u001b[39m","time":"2015-12-20T08:32:58.884Z","v":0}
{"name":"hexo","hostname":"huangxudeMBP.lan","pid":22112,"level":20,"msg":"Added: \u001b[35mthemes/next/languages/en.yml\u001b[39m","time":"2015-12-20T08:32:58.884Z","v":0}
{"name":"hexo","hostname":"huangxudeMBP.lan","pid":22112,"level":20,"msg":"Added: \u001b[35mthemes/next/languages/ru.yml\u001b[39m","time":"2015-12-20T08:32:58.884Z","v":0}
{"name":"hexo","hostname":"huangxudeMBP.lan","pid":22112,"level":20,"msg":"Added: \u001b[35mthemes/next/languages/zh-Hans.yml\u001b[39m","time":"2015-12-20T08:32:58.885Z","v":0}
{"name":"hexo","hostname":"huangxudeMBP.lan","pid":22112,"level":20,"msg":"Added: \u001b[35mthemes/next/languages/zh-tw.yml\u001b[39m","time":"2015-12-20T08:32:58.885Z","v":0}
{"name":"hexo","hostname":"huangxudeMBP.lan","pid":22112,"level":20,"msg":"Added: \u001b[35mthemes/next/languages/zh-hk.yml\u001b[39m","time":"2015-12-20T08:32:58.885Z","v":0}
{"name":"hexo","hostname":"huangxudeMBP.lan","pid":22112,"level":20,"msg":"Added: \u001b[35mthemes/next/layout/_macro/post-collapse.swig\u001b[39m","time":"2015-12-20T08:32:58.885Z","v":0}
{"name":"hexo","hostname":"huangxudeMBP.lan","pid":22112,"level":20,"msg":"Added: \u001b[35mthemes/next/layout/_layout.swig\u001b[39m","time":"2015-12-20T08:32:58.886Z","v":0}
{"name":"hexo","hostname":"huangxudeMBP.lan","pid":22112,"level":20,"msg":"Added: \u001b[35mthemes/next/layout/_macro/post.swig\u001b[39m","time":"2015-12-20T08:32:58.886Z","v":0}
{"name":"hexo","hostname":"huangxudeMBP.lan","pid":22112,"level":20,"msg":"Added: \u001b[35mthemes/next/layout/_macro/sidebar.swig\u001b[39m","time":"2015-12-20T08:32:58.886Z","v":0}
{"name":"hexo","hostname":"huangxudeMBP.lan","pid":22112,"level":20,"msg":"Added: \u001b[35mthemes/next/layout/_partials/footer.swig\u001b[39m","time":"2015-12-20T08:32:58.886Z","v":0}
{"name":"hexo","hostname":"huangxudeMBP.lan","pid":22112,"level":20,"msg":"Added: \u001b[35mthemes/next/layout/_partials/head.swig\u001b[39m","time":"2015-12-20T08:32:58.887Z","v":0}
{"name":"hexo","hostname":"huangxudeMBP.lan","pid":22112,"level":20,"msg":"Added: \u001b[35mthemes/next/layout/_partials/header.swig\u001b[39m","time":"2015-12-20T08:32:58.887Z","v":0}
{"name":"hexo","hostname":"huangxudeMBP.lan","pid":22112,"level":20,"msg":"Added: \u001b[35mthemes/next/layout/_partials/old-browsers.swig\u001b[39m","time":"2015-12-20T08:32:58.887Z","v":0}
{"name":"hexo","hostname":"huangxudeMBP.lan","pid":22112,"level":20,"msg":"Added: \u001b[35mthemes/next/layout/_partials/search/tinysou.swig\u001b[39m","time":"2015-12-20T08:32:58.887Z","v":0}
{"name":"hexo","hostname":"huangxudeMBP.lan","pid":22112,"level":20,"msg":"Added: \u001b[35mthemes/next/layout/_partials/search.swig\u001b[39m","time":"2015-12-20T08:32:58.888Z","v":0}
{"name":"hexo","hostname":"huangxudeMBP.lan","pid":22112,"level":20,"msg":"Added: \u001b[35mthemes/next/layout/_partials/search/swiftype.swig\u001b[39m","time":"2015-12-20T08:32:58.888Z","v":0}
{"name":"hexo","hostname":"huangxudeMBP.lan","pid":22112,"level":20,"msg":"Added: \u001b[35mthemes/next/layout/_partials/pagination.swig\u001b[39m","time":"2015-12-20T08:32:58.888Z","v":0}
{"name":"hexo","hostname":"huangxudeMBP.lan","pid":22112,"level":20,"msg":"Added: \u001b[35mthemes/next/layout/_partials/share/jiathis.swig\u001b[39m","time":"2015-12-20T08:32:58.889Z","v":0}
{"name":"hexo","hostname":"huangxudeMBP.lan","pid":22112,"level":20,"msg":"Added: \u001b[35mthemes/next/layout/_scripts/analytics/baidu-analytics.swig\u001b[39m","time":"2015-12-20T08:32:58.889Z","v":0}
{"name":"hexo","hostname":"huangxudeMBP.lan","pid":22112,"level":20,"msg":"Added: \u001b[35mthemes/next/layout/_scripts/analytics/facebook-sdk.swig\u001b[39m","time":"2015-12-20T08:32:58.889Z","v":0}
{"name":"hexo","hostname":"huangxudeMBP.lan","pid":22112,"level":20,"msg":"Added: \u001b[35mthemes/next/layout/_scripts/analytics/google-analytics.swig\u001b[39m","time":"2015-12-20T08:32:58.889Z","v":0}
{"name":"hexo","hostname":"huangxudeMBP.lan","pid":22112,"level":20,"msg":"Added: \u001b[35mthemes/next/layout/_scripts/baidushare.swig\u001b[39m","time":"2015-12-20T08:32:58.889Z","v":0}
{"name":"hexo","hostname":"huangxudeMBP.lan","pid":22112,"level":20,"msg":"Added: \u001b[35mthemes/next/layout/_scripts/bootstrap.scrollspy.swig\u001b[39m","time":"2015-12-20T08:32:58.890Z","v":0}
{"name":"hexo","hostname":"huangxudeMBP.lan","pid":22112,"level":20,"msg":"Added: \u001b[35mthemes/next/layout/_partials/share/duoshuo_share.swig\u001b[39m","time":"2015-12-20T08:32:58.890Z","v":0}
{"name":"hexo","hostname":"huangxudeMBP.lan","pid":22112,"level":20,"msg":"Added: \u001b[35mthemes/next/layout/_scripts/comments/disqus.swig\u001b[39m","time":"2015-12-20T08:32:58.890Z","v":0}
{"name":"hexo","hostname":"huangxudeMBP.lan","pid":22112,"level":20,"msg":"Added: \u001b[35mthemes/next/layout/_scripts/comments/duoshuo.swig\u001b[39m","time":"2015-12-20T08:32:58.890Z","v":0}
{"name":"hexo","hostname":"huangxudeMBP.lan","pid":22112,"level":20,"msg":"Added: \u001b[35mthemes/next/layout/_scripts/helpers.swig\u001b[39m","time":"2015-12-20T08:32:58.890Z","v":0}
{"name":"hexo","hostname":"huangxudeMBP.lan","pid":22112,"level":20,"msg":"Added: \u001b[35mthemes/next/layout/_scripts/fancy-box.swig\u001b[39m","time":"2015-12-20T08:32:58.890Z","v":0}
{"name":"hexo","hostname":"huangxudeMBP.lan","pid":22112,"level":20,"msg":"Added: \u001b[35mthemes/next/layout/_scripts/analytics.swig\u001b[39m","time":"2015-12-20T08:32:58.890Z","v":0}
{"name":"hexo","hostname":"huangxudeMBP.lan","pid":22112,"level":20,"msg":"Added: \u001b[35mthemes/next/layout/_scripts/mathjax.swig\u001b[39m","time":"2015-12-20T08:32:58.890Z","v":0}
{"name":"hexo","hostname":"huangxudeMBP.lan","pid":22112,"level":20,"msg":"Added: \u001b[35mthemes/next/layout/_scripts/pages/post-details.swig\u001b[39m","time":"2015-12-20T08:32:58.891Z","v":0}
{"name":"hexo","hostname":"huangxudeMBP.lan","pid":22112,"level":20,"msg":"Added: \u001b[35mthemes/next/layout/_scripts/tinysou.swig\u001b[39m","time":"2015-12-20T08:32:58.891Z","v":0}
{"name":"hexo","hostname":"huangxudeMBP.lan","pid":22112,"level":20,"msg":"Added: \u001b[35mthemes/next/layout/archive.swig\u001b[39m","time":"2015-12-20T08:32:58.891Z","v":0}
{"name":"hexo","hostname":"huangxudeMBP.lan","pid":22112,"level":20,"msg":"Added: \u001b[35mthemes/next/layout/_scripts/motion.swig\u001b[39m","time":"2015-12-20T08:32:58.891Z","v":0}
{"name":"hexo","hostname":"huangxudeMBP.lan","pid":22112,"level":20,"msg":"Added: \u001b[35mthemes/next/layout/index.swig\u001b[39m","time":"2015-12-20T08:32:58.892Z","v":0}
{"name":"hexo","hostname":"huangxudeMBP.lan","pid":22112,"level":20,"msg":"Added: \u001b[35mthemes/next/layout/category.swig\u001b[39m","time":"2015-12-20T08:32:58.892Z","v":0}
{"name":"hexo","hostname":"huangxudeMBP.lan","pid":22112,"level":20,"msg":"Added: \u001b[35mthemes/next/layout/page.swig\u001b[39m","time":"2015-12-20T08:32:58.892Z","v":0}
{"name":"hexo","hostname":"huangxudeMBP.lan","pid":22112,"level":20,"msg":"Added: \u001b[35mthemes/next/scripts/tags/center-quote.js\u001b[39m","time":"2015-12-20T08:32:58.892Z","v":0}
{"name":"hexo","hostname":"huangxudeMBP.lan","pid":22112,"level":20,"msg":"Added: \u001b[35mthemes/next/scripts/tags/full-image.js\u001b[39m","time":"2015-12-20T08:32:58.892Z","v":0}
{"name":"hexo","hostname":"huangxudeMBP.lan","pid":22112,"level":20,"msg":"Added: \u001b[35mthemes/next/layout/post.swig\u001b[39m","time":"2015-12-20T08:32:58.892Z","v":0}
{"name":"hexo","hostname":"huangxudeMBP.lan","pid":22112,"level":20,"msg":"Added: \u001b[35mthemes/next/scripts/tags/group-pictures.js\u001b[39m","time":"2015-12-20T08:32:58.892Z","v":0}
{"name":"hexo","hostname":"huangxudeMBP.lan","pid":22112,"level":20,"msg":"Added: \u001b[35mthemes/next/scripts/merge-configs.js\u001b[39m","time":"2015-12-20T08:32:58.893Z","v":0}
{"name":"hexo","hostname":"huangxudeMBP.lan","pid":22112,"level":20,"msg":"Added: \u001b[35mthemes/next/layout/tag.swig\u001b[39m","time":"2015-12-20T08:32:58.893Z","v":0}
{"name":"hexo","hostname":"huangxudeMBP.lan","pid":22112,"level":20,"msg":"Added: \u001b[35mthemes/next/source/css/_common/_component/back-to-top.styl\u001b[39m","time":"2015-12-20T08:32:58.893Z","v":0}
{"name":"hexo","hostname":"huangxudeMBP.lan","pid":22112,"level":20,"msg":"Added: \u001b[35mthemes/next/source/css/_common/_component/blockquote-center.styl\u001b[39m","time":"2015-12-20T08:32:58.893Z","v":0}
{"name":"hexo","hostname":"huangxudeMBP.lan","pid":22112,"level":20,"msg":"Added: \u001b[35mthemes/next/source/css/_common/_component/gallery.styl\u001b[39m","time":"2015-12-20T08:32:58.893Z","v":0}
{"name":"hexo","hostname":"huangxudeMBP.lan","pid":22112,"level":20,"msg":"Added: \u001b[35mthemes/next/source/css/_common/_component/duoshuo.styl\u001b[39m","time":"2015-12-20T08:32:58.893Z","v":0}
{"name":"hexo","hostname":"huangxudeMBP.lan","pid":22112,"level":20,"msg":"Added: \u001b[35mthemes/next/source/css/_common/_component/comments.styl\u001b[39m","time":"2015-12-20T08:32:58.893Z","v":0}
{"name":"hexo","hostname":"huangxudeMBP.lan","pid":22112,"level":20,"msg":"Added: \u001b[35mthemes/next/source/css/_common/_component/buttons.styl\u001b[39m","time":"2015-12-20T08:32:58.893Z","v":0}
{"name":"hexo","hostname":"huangxudeMBP.lan","pid":22112,"level":20,"msg":"Added: \u001b[35mthemes/next/source/css/_common/_component/group-pictures.styl\u001b[39m","time":"2015-12-20T08:32:58.893Z","v":0}
{"name":"hexo","hostname":"huangxudeMBP.lan","pid":22112,"level":20,"msg":"Added: \u001b[35mthemes/next/source/css/_common/_component/pagination.styl\u001b[39m","time":"2015-12-20T08:32:58.894Z","v":0}
{"name":"hexo","hostname":"huangxudeMBP.lan","pid":22112,"level":20,"msg":"Added: \u001b[35mthemes/next/source/css/_common/_component/jiathis.styl\u001b[39m","time":"2015-12-20T08:32:58.894Z","v":0}
{"name":"hexo","hostname":"huangxudeMBP.lan","pid":22112,"level":20,"msg":"Added: \u001b[35mthemes/next/source/css/_common/_component/posts-collapse.styl\u001b[39m","time":"2015-12-20T08:32:58.894Z","v":0}
{"name":"hexo","hostname":"huangxudeMBP.lan","pid":22112,"level":20,"msg":"Added: \u001b[35mthemes/next/source/css/_common/_component/posts.styl\u001b[39m","time":"2015-12-20T08:32:58.894Z","v":0}
{"name":"hexo","hostname":"huangxudeMBP.lan","pid":22112,"level":20,"msg":"Added: \u001b[35mthemes/next/source/css/_common/_component/tag-cloud.styl\u001b[39m","time":"2015-12-20T08:32:58.894Z","v":0}
{"name":"hexo","hostname":"huangxudeMBP.lan","pid":22112,"level":20,"msg":"Added: \u001b[35mthemes/next/source/css/_common/_core/base.styl\u001b[39m","time":"2015-12-20T08:32:58.894Z","v":0}
{"name":"hexo","hostname":"huangxudeMBP.lan","pid":22112,"level":20,"msg":"Added: \u001b[35mthemes/next/source/css/_common/_core/helpers.styl\u001b[39m","time":"2015-12-20T08:32:58.894Z","v":0}
{"name":"hexo","hostname":"huangxudeMBP.lan","pid":22112,"level":20,"msg":"Added: \u001b[35mthemes/next/source/css/_common/_component/posts-type.styl\u001b[39m","time":"2015-12-20T08:32:58.895Z","v":0}
{"name":"hexo","hostname":"huangxudeMBP.lan","pid":22112,"level":20,"msg":"Added: \u001b[35mthemes/next/source/css/_common/_core/normalize.styl\u001b[39m","time":"2015-12-20T08:32:58.895Z","v":0}
{"name":"hexo","hostname":"huangxudeMBP.lan","pid":22112,"level":20,"msg":"Added: \u001b[35mthemes/next/source/css/_common/_component/posts-expand.styl\u001b[39m","time":"2015-12-20T08:32:58.896Z","v":0}
{"name":"hexo","hostname":"huangxudeMBP.lan","pid":22112,"level":20,"msg":"Added: \u001b[35mthemes/next/source/css/_common/_core/scaffolding.styl\u001b[39m","time":"2015-12-20T08:32:58.896Z","v":0}
{"name":"hexo","hostname":"huangxudeMBP.lan","pid":22112,"level":20,"msg":"Added: \u001b[35mthemes/next/source/css/_common/_core/tables.styl\u001b[39m","time":"2015-12-20T08:32:58.896Z","v":0}
{"name":"hexo","hostname":"huangxudeMBP.lan","pid":22112,"level":20,"msg":"Added: \u001b[35mthemes/next/source/css/_common/_fonts/icon-fifty-shades.styl\u001b[39m","time":"2015-12-20T08:32:58.897Z","v":0}
{"name":"hexo","hostname":"huangxudeMBP.lan","pid":22112,"level":20,"msg":"Added: \u001b[35mthemes/next/source/css/_common/_fonts/icon-feather.styl\u001b[39m","time":"2015-12-20T08:32:58.897Z","v":0}
{"name":"hexo","hostname":"huangxudeMBP.lan","pid":22112,"level":20,"msg":"Added: \u001b[35mthemes/next/source/css/_common/_fonts/icon-default.styl\u001b[39m","time":"2015-12-20T08:32:58.897Z","v":0}
{"name":"hexo","hostname":"huangxudeMBP.lan","pid":22112,"level":20,"msg":"Added: \u001b[35mthemes/next/source/css/_common/_fonts/icon-font.styl\u001b[39m","time":"2015-12-20T08:32:58.897Z","v":0}
{"name":"hexo","hostname":"huangxudeMBP.lan","pid":22112,"level":20,"msg":"Added: \u001b[35mthemes/next/source/css/_common/_fonts/icon-linecons.styl\u001b[39m","time":"2015-12-20T08:32:58.897Z","v":0}
{"name":"hexo","hostname":"huangxudeMBP.lan","pid":22112,"level":20,"msg":"Added: \u001b[35mthemes/next/source/css/_common/_page/categories.styl\u001b[39m","time":"2015-12-20T08:32:58.897Z","v":0}
{"name":"hexo","hostname":"huangxudeMBP.lan","pid":22112,"level":20,"msg":"Added: \u001b[35mthemes/next/source/css/_common/_page/archive.styl\u001b[39m","time":"2015-12-20T08:32:58.897Z","v":0}
{"name":"hexo","hostname":"huangxudeMBP.lan","pid":22112,"level":20,"msg":"Added: \u001b[35mthemes/next/source/css/_common/_page/post-detail.styl\u001b[39m","time":"2015-12-20T08:32:58.897Z","v":0}
{"name":"hexo","hostname":"huangxudeMBP.lan","pid":22112,"level":20,"msg":"Added: \u001b[35mthemes/next/source/css/_common/_section/header.styl\u001b[39m","time":"2015-12-20T08:32:58.897Z","v":0}
{"name":"hexo","hostname":"huangxudeMBP.lan","pid":22112,"level":20,"msg":"Added: \u001b[35mthemes/next/source/css/_common/_section/footer.styl\u001b[39m","time":"2015-12-20T08:32:58.898Z","v":0}
{"name":"hexo","hostname":"huangxudeMBP.lan","pid":22112,"level":20,"msg":"Added: \u001b[35mthemes/next/source/css/_common/_section/layout.styl\u001b[39m","time":"2015-12-20T08:32:58.898Z","v":0}
{"name":"hexo","hostname":"huangxudeMBP.lan","pid":22112,"level":20,"msg":"Added: \u001b[35mthemes/next/source/css/_common/_section/body.styl\u001b[39m","time":"2015-12-20T08:32:58.898Z","v":0}
{"name":"hexo","hostname":"huangxudeMBP.lan","pid":22112,"level":20,"msg":"Added: \u001b[35mthemes/next/source/css/_common/_section/media.styl\u001b[39m","time":"2015-12-20T08:32:58.898Z","v":0}
{"name":"hexo","hostname":"huangxudeMBP.lan","pid":22112,"level":20,"msg":"Added: \u001b[35mthemes/next/source/css/_common/_vendor/highlight/highlight.styl\u001b[39m","time":"2015-12-20T08:32:58.898Z","v":0}
{"name":"hexo","hostname":"huangxudeMBP.lan","pid":22112,"level":20,"msg":"Added: \u001b[35mthemes/next/source/css/_common/_vendor/highlight/theme.styl\u001b[39m","time":"2015-12-20T08:32:58.898Z","v":0}
{"name":"hexo","hostname":"huangxudeMBP.lan","pid":22112,"level":20,"msg":"Added: \u001b[35mthemes/next/source/css/_custom/custom.styl\u001b[39m","time":"2015-12-20T08:32:58.898Z","v":0}
{"name":"hexo","hostname":"huangxudeMBP.lan","pid":22112,"level":20,"msg":"Added: \u001b[35mthemes/next/source/css/_mixins/base.styl\u001b[39m","time":"2015-12-20T08:32:58.898Z","v":0}
{"name":"hexo","hostname":"huangxudeMBP.lan","pid":22112,"level":20,"msg":"Added: \u001b[35mthemes/next/source/css/_common/_section/sidebar.styl\u001b[39m","time":"2015-12-20T08:32:58.898Z","v":0}
{"name":"hexo","hostname":"huangxudeMBP.lan","pid":22112,"level":20,"msg":"Added: \u001b[35mthemes/next/source/css/_schemes/Mist/_base.styl\u001b[39m","time":"2015-12-20T08:32:58.898Z","v":0}
{"name":"hexo","hostname":"huangxudeMBP.lan","pid":22112,"level":20,"msg":"Added: \u001b[35mthemes/next/source/css/_schemes/Mist/_logo.styl\u001b[39m","time":"2015-12-20T08:32:58.899Z","v":0}
{"name":"hexo","hostname":"huangxudeMBP.lan","pid":22112,"level":20,"msg":"Added: \u001b[35mthemes/next/source/css/_schemes/Mist/_header.styl\u001b[39m","time":"2015-12-20T08:32:58.899Z","v":0}
{"name":"hexo","hostname":"huangxudeMBP.lan","pid":22112,"level":20,"msg":"Added: \u001b[35mthemes/next/source/css/_fonts/icon-foo.styl\u001b[39m","time":"2015-12-20T08:32:58.900Z","v":0}
{"name":"hexo","hostname":"huangxudeMBP.lan","pid":22112,"level":20,"msg":"Added: \u001b[35mthemes/next/source/css/_schemes/Mist/_posts-expanded.styl\u001b[39m","time":"2015-12-20T08:32:58.900Z","v":0}
{"name":"hexo","hostname":"huangxudeMBP.lan","pid":22112,"level":20,"msg":"Added: \u001b[35mthemes/next/source/css/_schemes/Mist/_menu.styl\u001b[39m","time":"2015-12-20T08:32:58.900Z","v":0}
{"name":"hexo","hostname":"huangxudeMBP.lan","pid":22112,"level":20,"msg":"Added: \u001b[35mthemes/next/source/css/_schemes/Mist/index.styl\u001b[39m","time":"2015-12-20T08:32:58.900Z","v":0}
{"name":"hexo","hostname":"huangxudeMBP.lan","pid":22112,"level":20,"msg":"Added: \u001b[35mthemes/next/source/css/_schemes/default/_search.styl\u001b[39m","time":"2015-12-20T08:32:58.900Z","v":0}
{"name":"hexo","hostname":"huangxudeMBP.lan","pid":22112,"level":20,"msg":"Added: \u001b[35mthemes/next/source/css/_schemes/default/index.styl\u001b[39m","time":"2015-12-20T08:32:58.901Z","v":0}
{"name":"hexo","hostname":"huangxudeMBP.lan","pid":22112,"level":20,"msg":"Added: \u001b[35mthemes/next/source/css/_schemes/default/_menu.styl\u001b[39m","time":"2015-12-20T08:32:58.901Z","v":0}
{"name":"hexo","hostname":"huangxudeMBP.lan","pid":22112,"level":20,"msg":"Added: \u001b[35mthemes/next/source/css/_variables/Mist.styl\u001b[39m","time":"2015-12-20T08:32:58.901Z","v":0}
{"name":"hexo","hostname":"huangxudeMBP.lan","pid":22112,"level":20,"msg":"Added: \u001b[35mthemes/next/source/css/_schemes/default/_logo.styl\u001b[39m","time":"2015-12-20T08:32:58.901Z","v":0}
{"name":"hexo","hostname":"huangxudeMBP.lan","pid":22112,"level":20,"msg":"Added: \u001b[35mthemes/next/source/fonts/icon-default/icomoon.eot\u001b[39m","time":"2015-12-20T08:32:58.901Z","v":0}
{"name":"hexo","hostname":"huangxudeMBP.lan","pid":22112,"level":20,"msg":"Added: \u001b[35mthemes/next/source/fonts/icon-default/icomoon.svg\u001b[39m","time":"2015-12-20T08:32:58.901Z","v":0}
{"name":"hexo","hostname":"huangxudeMBP.lan","pid":22112,"level":20,"msg":"Added: \u001b[35mthemes/next/source/css/main.styl\u001b[39m","time":"2015-12-20T08:32:58.901Z","v":0}
{"name":"hexo","hostname":"huangxudeMBP.lan","pid":22112,"level":20,"msg":"Added: \u001b[35mthemes/next/source/css/_variables/base.styl\u001b[39m","time":"2015-12-20T08:32:58.902Z","v":0}
{"name":"hexo","hostname":"huangxudeMBP.lan","pid":22112,"level":20,"msg":"Added: \u001b[35mthemes/next/source/fonts/icon-default/icomoon.woff\u001b[39m","time":"2015-12-20T08:32:58.903Z","v":0}
{"name":"hexo","hostname":"huangxudeMBP.lan","pid":22112,"level":20,"msg":"Added: \u001b[35mthemes/next/source/fonts/icon-default/icomoon.ttf\u001b[39m","time":"2015-12-20T08:32:58.906Z","v":0}
{"name":"hexo","hostname":"huangxudeMBP.lan","pid":22112,"level":20,"msg":"Added: \u001b[35mthemes/next/source/fonts/icon-default/selection.json\u001b[39m","time":"2015-12-20T08:32:58.907Z","v":0}
{"name":"hexo","hostname":"huangxudeMBP.lan","pid":22112,"level":20,"msg":"Added: \u001b[35mthemes/next/source/fonts/icon-feather/icomoon.eot\u001b[39m","time":"2015-12-20T08:32:58.907Z","v":0}
{"name":"hexo","hostname":"huangxudeMBP.lan","pid":22112,"level":20,"msg":"Added: \u001b[35mthemes/next/source/fonts/icon-feather/icomoon.ttf\u001b[39m","time":"2015-12-20T08:32:58.908Z","v":0}
{"name":"hexo","hostname":"huangxudeMBP.lan","pid":22112,"level":20,"msg":"Added: \u001b[35mthemes/next/source/fonts/icon-feather/icomoon.svg\u001b[39m","time":"2015-12-20T08:32:58.908Z","v":0}
{"name":"hexo","hostname":"huangxudeMBP.lan","pid":22112,"level":20,"msg":"Added: \u001b[35mthemes/next/source/fonts/icon-feather/icomoon.woff\u001b[39m","time":"2015-12-20T08:32:58.908Z","v":0}
{"name":"hexo","hostname":"huangxudeMBP.lan","pid":22112,"level":20,"msg":"Added: \u001b[35mthemes/next/source/fonts/icon-feather/selection.json\u001b[39m","time":"2015-12-20T08:32:58.908Z","v":0}
{"name":"hexo","hostname":"huangxudeMBP.lan","pid":22112,"level":20,"msg":"Added: \u001b[35mthemes/next/source/fonts/icon-fifty-shades/icomoon.svg\u001b[39m","time":"2015-12-20T08:32:58.908Z","v":0}
{"name":"hexo","hostname":"huangxudeMBP.lan","pid":22112,"level":20,"msg":"Added: \u001b[35mthemes/next/source/fonts/icon-fifty-shades/icomoon.ttf\u001b[39m","time":"2015-12-20T08:32:58.909Z","v":0}
{"name":"hexo","hostname":"huangxudeMBP.lan","pid":22112,"level":20,"msg":"Added: \u001b[35mthemes/next/source/fonts/icon-fifty-shades/icomoon.eot\u001b[39m","time":"2015-12-20T08:32:58.909Z","v":0}
{"name":"hexo","hostname":"huangxudeMBP.lan","pid":22112,"level":20,"msg":"Added: \u001b[35mthemes/next/source/fonts/icon-fifty-shades/selection.json\u001b[39m","time":"2015-12-20T08:32:58.909Z","v":0}
{"name":"hexo","hostname":"huangxudeMBP.lan","pid":22112,"level":20,"msg":"Added: \u001b[35mthemes/next/source/fonts/icon-icomoon/icomoon.eot\u001b[39m","time":"2015-12-20T08:32:58.910Z","v":0}
{"name":"hexo","hostname":"huangxudeMBP.lan","pid":22112,"level":20,"msg":"Added: \u001b[35mthemes/next/source/fonts/icon-icomoon/icomoon.svg\u001b[39m","time":"2015-12-20T08:32:58.910Z","v":0}
{"name":"hexo","hostname":"huangxudeMBP.lan","pid":22112,"level":20,"msg":"Added: \u001b[35mthemes/next/source/fonts/icon-icomoon/icomoon.ttf\u001b[39m","time":"2015-12-20T08:32:58.910Z","v":0}
{"name":"hexo","hostname":"huangxudeMBP.lan","pid":22112,"level":20,"msg":"Added: \u001b[35mthemes/next/source/fonts/icon-icomoon/icomoon.woff\u001b[39m","time":"2015-12-20T08:32:58.910Z","v":0}
{"name":"hexo","hostname":"huangxudeMBP.lan","pid":22112,"level":20,"msg":"Added: \u001b[35mthemes/next/source/fonts/icon-linecons/icomoon.ttf\u001b[39m","time":"2015-12-20T08:32:58.911Z","v":0}
{"name":"hexo","hostname":"huangxudeMBP.lan","pid":22112,"level":20,"msg":"Added: \u001b[35mthemes/next/source/fonts/icon-linecons/icomoon.svg\u001b[39m","time":"2015-12-20T08:32:58.911Z","v":0}
{"name":"hexo","hostname":"huangxudeMBP.lan","pid":22112,"level":20,"msg":"Added: \u001b[35mthemes/next/source/fonts/icon-linecons/icomoon.eot\u001b[39m","time":"2015-12-20T08:32:58.912Z","v":0}
{"name":"hexo","hostname":"huangxudeMBP.lan","pid":22112,"level":20,"msg":"Added: \u001b[35mthemes/next/source/fonts/icon-fifty-shades/icomoon.woff\u001b[39m","time":"2015-12-20T08:32:58.912Z","v":0}
{"name":"hexo","hostname":"huangxudeMBP.lan","pid":22112,"level":20,"msg":"Added: \u001b[35mthemes/next/source/fonts/icon-linecons/icomoon.woff\u001b[39m","time":"2015-12-20T08:32:58.914Z","v":0}
{"name":"hexo","hostname":"huangxudeMBP.lan","pid":22112,"level":20,"msg":"Added: \u001b[35mthemes/next/source/fonts/icon-linecons/selection.json\u001b[39m","time":"2015-12-20T08:32:58.915Z","v":0}
{"name":"hexo","hostname":"huangxudeMBP.lan","pid":22112,"level":20,"msg":"Added: \u001b[35mthemes/next/source/images/bkdefault_avatar.jpg\u001b[39m","time":"2015-12-20T08:32:58.915Z","v":0}
{"name":"hexo","hostname":"huangxudeMBP.lan","pid":22112,"level":20,"msg":"Added: \u001b[35mthemes/next/source/images/cc-by-nc-nd.svg\u001b[39m","time":"2015-12-20T08:32:58.917Z","v":0}
{"name":"hexo","hostname":"huangxudeMBP.lan","pid":22112,"level":20,"msg":"Added: \u001b[35mthemes/next/source/images/cc-by-nc.svg\u001b[39m","time":"2015-12-20T08:32:58.917Z","v":0}
{"name":"hexo","hostname":"huangxudeMBP.lan","pid":22112,"level":20,"msg":"Added: \u001b[35mthemes/next/source/images/cc-by-nc-sa.svg\u001b[39m","time":"2015-12-20T08:32:58.918Z","v":0}
{"name":"hexo","hostname":"huangxudeMBP.lan","pid":22112,"level":20,"msg":"Added: \u001b[35mthemes/next/source/images/cc-by-nd.svg\u001b[39m","time":"2015-12-20T08:32:58.918Z","v":0}
{"name":"hexo","hostname":"huangxudeMBP.lan","pid":22112,"level":20,"msg":"Added: \u001b[35mthemes/next/source/images/cc-by-sa.svg\u001b[39m","time":"2015-12-20T08:32:58.919Z","v":0}
{"name":"hexo","hostname":"huangxudeMBP.lan","pid":22112,"level":20,"msg":"Added: \u001b[35mthemes/next/source/images/cc-zero.svg\u001b[39m","time":"2015-12-20T08:32:58.919Z","v":0}
{"name":"hexo","hostname":"huangxudeMBP.lan","pid":22112,"level":20,"msg":"Added: \u001b[35mthemes/next/source/images/cc-by.svg\u001b[39m","time":"2015-12-20T08:32:58.920Z","v":0}
{"name":"hexo","hostname":"huangxudeMBP.lan","pid":22112,"level":20,"msg":"Added: \u001b[35mthemes/next/source/images/loading.gif\u001b[39m","time":"2015-12-20T08:32:58.920Z","v":0}
{"name":"hexo","hostname":"huangxudeMBP.lan","pid":22112,"level":20,"msg":"Added: \u001b[35mthemes/next/source/images/placeholder.gif\u001b[39m","time":"2015-12-20T08:32:58.920Z","v":0}
{"name":"hexo","hostname":"huangxudeMBP.lan","pid":22112,"level":20,"msg":"Added: \u001b[35mthemes/next/source/images/quote-l.svg\u001b[39m","time":"2015-12-20T08:32:58.920Z","v":0}
{"name":"hexo","hostname":"huangxudeMBP.lan","pid":22112,"level":20,"msg":"Added: \u001b[35mthemes/next/source/images/quote-r.svg\u001b[39m","time":"2015-12-20T08:32:58.920Z","v":0}
{"name":"hexo","hostname":"huangxudeMBP.lan","pid":22112,"level":20,"msg":"Added: \u001b[35mthemes/next/source/images/searchicon.png\u001b[39m","time":"2015-12-20T08:32:58.921Z","v":0}
{"name":"hexo","hostname":"huangxudeMBP.lan","pid":22112,"level":20,"msg":"Added: \u001b[35mthemes/next/source/js/bootstrap.scrollspy.js\u001b[39m","time":"2015-12-20T08:32:58.921Z","v":0}
{"name":"hexo","hostname":"huangxudeMBP.lan","pid":22112,"level":20,"msg":"Added: \u001b[35mthemes/next/source/js/fancy-box.js\u001b[39m","time":"2015-12-20T08:32:58.921Z","v":0}
{"name":"hexo","hostname":"huangxudeMBP.lan","pid":22112,"level":20,"msg":"Added: \u001b[35mthemes/next/source/js/helpers.js\u001b[39m","time":"2015-12-20T08:32:58.921Z","v":0}
{"name":"hexo","hostname":"huangxudeMBP.lan","pid":22112,"level":20,"msg":"Added: \u001b[35mthemes/next/source/js/hook-duoshuo.js\u001b[39m","time":"2015-12-20T08:32:58.921Z","v":0}
{"name":"hexo","hostname":"huangxudeMBP.lan","pid":22112,"level":20,"msg":"Added: \u001b[35mthemes/next/source/js/motion_fallback.js\u001b[39m","time":"2015-12-20T08:32:58.921Z","v":0}
{"name":"hexo","hostname":"huangxudeMBP.lan","pid":22112,"level":20,"msg":"Added: \u001b[35mthemes/next/source/js/nav-toggle.js\u001b[39m","time":"2015-12-20T08:32:58.921Z","v":0}
{"name":"hexo","hostname":"huangxudeMBP.lan","pid":22112,"level":20,"msg":"Added: \u001b[35mthemes/next/source/js/motion_global.js\u001b[39m","time":"2015-12-20T08:32:58.921Z","v":0}
{"name":"hexo","hostname":"huangxudeMBP.lan","pid":22112,"level":20,"msg":"Added: \u001b[35mthemes/next/source/js/lazyload.js\u001b[39m","time":"2015-12-20T08:32:58.921Z","v":0}
{"name":"hexo","hostname":"huangxudeMBP.lan","pid":22112,"level":20,"msg":"Added: \u001b[35mthemes/next/source/vendors/fancybox/source/blank.gif\u001b[39m","time":"2015-12-20T08:32:58.922Z","v":0}
{"name":"hexo","hostname":"huangxudeMBP.lan","pid":22112,"level":20,"msg":"Added: \u001b[35mthemes/next/source/vendors/fancybox/source/fancybox_loading.gif\u001b[39m","time":"2015-12-20T08:32:58.922Z","v":0}
{"name":"hexo","hostname":"huangxudeMBP.lan","pid":22112,"level":20,"msg":"Added: \u001b[35mthemes/next/source/js/ua-parser.min.js\u001b[39m","time":"2015-12-20T08:32:58.922Z","v":0}
{"name":"hexo","hostname":"huangxudeMBP.lan","pid":22112,"level":20,"msg":"Added: \u001b[35mthemes/next/source/vendors/fancybox/source/fancybox_loading@2x.gif\u001b[39m","time":"2015-12-20T08:32:58.922Z","v":0}
{"name":"hexo","hostname":"huangxudeMBP.lan","pid":22112,"level":20,"msg":"Added: \u001b[35mthemes/next/source/vendors/fancybox/source/fancybox_overlay.png\u001b[39m","time":"2015-12-20T08:32:58.922Z","v":0}
{"name":"hexo","hostname":"huangxudeMBP.lan","pid":22112,"level":20,"msg":"Added: \u001b[35mthemes/next/source/vendors/fancybox/source/helpers/jquery.fancybox-buttons.css\u001b[39m","time":"2015-12-20T08:32:58.923Z","v":0}
{"name":"hexo","hostname":"huangxudeMBP.lan","pid":22112,"level":20,"msg":"Added: \u001b[35mthemes/next/source/vendors/fancybox/source/helpers/jquery.fancybox-buttons.js\u001b[39m","time":"2015-12-20T08:32:58.923Z","v":0}
{"name":"hexo","hostname":"huangxudeMBP.lan","pid":22112,"level":20,"msg":"Added: \u001b[35mthemes/next/source/vendors/fancybox/source/helpers/fancybox_buttons.png\u001b[39m","time":"2015-12-20T08:32:58.923Z","v":0}
{"name":"hexo","hostname":"huangxudeMBP.lan","pid":22112,"level":20,"msg":"Added: \u001b[35mthemes/next/source/vendors/fancybox/source/helpers/jquery.fancybox-media.js\u001b[39m","time":"2015-12-20T08:32:58.923Z","v":0}
{"name":"hexo","hostname":"huangxudeMBP.lan","pid":22112,"level":20,"msg":"Added: \u001b[35mthemes/next/source/vendors/fancybox/source/fancybox_sprite.png\u001b[39m","time":"2015-12-20T08:32:58.923Z","v":0}
{"name":"hexo","hostname":"huangxudeMBP.lan","pid":22112,"level":20,"msg":"Added: \u001b[35mthemes/next/source/vendors/fancybox/source/helpers/jquery.fancybox-thumbs.css\u001b[39m","time":"2015-12-20T08:32:58.923Z","v":0}
{"name":"hexo","hostname":"huangxudeMBP.lan","pid":22112,"level":20,"msg":"Added: \u001b[35mthemes/next/source/vendors/fancybox/source/helpers/jquery.fancybox-thumbs.js\u001b[39m","time":"2015-12-20T08:32:58.923Z","v":0}
{"name":"hexo","hostname":"huangxudeMBP.lan","pid":22112,"level":20,"msg":"Added: \u001b[35mthemes/next/source/vendors/fancybox/source/jquery.fancybox.css\u001b[39m","time":"2015-12-20T08:32:58.924Z","v":0}
{"name":"hexo","hostname":"huangxudeMBP.lan","pid":22112,"level":20,"msg":"Added: \u001b[35mthemes/next/source/vendors/fancybox/source/fancybox_sprite@2x.png\u001b[39m","time":"2015-12-20T08:32:58.924Z","v":0}
{"name":"hexo","hostname":"huangxudeMBP.lan","pid":22112,"level":20,"msg":"Added: \u001b[35mthemes/next/source/vendors/fastclick/README.md\u001b[39m","time":"2015-12-20T08:32:58.924Z","v":0}
{"name":"hexo","hostname":"huangxudeMBP.lan","pid":22112,"level":20,"msg":"Added: \u001b[35mthemes/next/source/vendors/fancybox/source/jquery.fancybox.pack.js\u001b[39m","time":"2015-12-20T08:32:58.924Z","v":0}
{"name":"hexo","hostname":"huangxudeMBP.lan","pid":22112,"level":20,"msg":"Added: \u001b[35mthemes/next/source/vendors/fastclick/LICENSE\u001b[39m","time":"2015-12-20T08:32:58.924Z","v":0}
{"name":"hexo","hostname":"huangxudeMBP.lan","pid":22112,"level":20,"msg":"Added: \u001b[35mthemes/next/source/vendors/fancybox/source/jquery.fancybox.js\u001b[39m","time":"2015-12-20T08:32:58.924Z","v":0}
{"name":"hexo","hostname":"huangxudeMBP.lan","pid":22112,"level":20,"msg":"Added: \u001b[35mthemes/next/source/vendors/fastclick/bower.json\u001b[39m","time":"2015-12-20T08:32:58.924Z","v":0}
{"name":"hexo","hostname":"huangxudeMBP.lan","pid":22112,"level":20,"msg":"Added: \u001b[35mthemes/next/source/vendors/fastclick/lib/fastclick.js\u001b[39m","time":"2015-12-20T08:32:58.925Z","v":0}
{"name":"hexo","hostname":"huangxudeMBP.lan","pid":22112,"level":20,"msg":"Added: \u001b[35mthemes/next/source/vendors/font-awesome/HELP-US-OUT.txt\u001b[39m","time":"2015-12-20T08:32:58.925Z","v":0}
{"name":"hexo","hostname":"huangxudeMBP.lan","pid":22112,"level":20,"msg":"Added: \u001b[35mthemes/next/source/vendors/fastclick/lib/fastclick.min.js\u001b[39m","time":"2015-12-20T08:32:58.925Z","v":0}
{"name":"hexo","hostname":"huangxudeMBP.lan","pid":22112,"level":20,"msg":"Added: \u001b[35mthemes/next/source/vendors/font-awesome/bower.json\u001b[39m","time":"2015-12-20T08:32:58.925Z","v":0}
{"name":"hexo","hostname":"huangxudeMBP.lan","pid":22112,"level":20,"msg":"Added: \u001b[35mthemes/next/source/vendors/font-awesome/css/font-awesome.css.map\u001b[39m","time":"2015-12-20T08:32:58.925Z","v":0}
{"name":"hexo","hostname":"huangxudeMBP.lan","pid":22112,"level":20,"msg":"Added: \u001b[35mthemes/next/source/vendors/font-awesome/css/font-awesome.css\u001b[39m","time":"2015-12-20T08:32:58.925Z","v":0}
{"name":"hexo","hostname":"huangxudeMBP.lan","pid":22112,"level":20,"msg":"Added: \u001b[35mthemes/next/source/vendors/font-awesome/css/font-awesome.min.css\u001b[39m","time":"2015-12-20T08:32:58.926Z","v":0}
{"name":"hexo","hostname":"huangxudeMBP.lan","pid":22112,"level":20,"msg":"Added: \u001b[35mthemes/next/source/vendors/font-awesome/fonts/fontawesome-webfont.woff2\u001b[39m","time":"2015-12-20T08:32:58.942Z","v":0}
{"name":"hexo","hostname":"huangxudeMBP.lan","pid":22112,"level":20,"msg":"Added: \u001b[35mthemes/next/source/vendors/velocity/bower.json\u001b[39m","time":"2015-12-20T08:32:58.942Z","v":0}
{"name":"hexo","hostname":"huangxudeMBP.lan","pid":22112,"level":20,"msg":"Added: \u001b[35mthemes/next/source/vendors/velocity/velocity.ui.min.js\u001b[39m","time":"2015-12-20T08:32:58.943Z","v":0}
{"name":"hexo","hostname":"huangxudeMBP.lan","pid":22112,"level":20,"msg":"Added: \u001b[35mthemes/next/test/helpers.js\u001b[39m","time":"2015-12-20T08:32:58.943Z","v":0}
{"name":"hexo","hostname":"huangxudeMBP.lan","pid":22112,"level":20,"msg":"Added: \u001b[35mthemes/next/source/vendors/velocity/velocity.ui.js\u001b[39m","time":"2015-12-20T08:32:58.943Z","v":0}
{"name":"hexo","hostname":"huangxudeMBP.lan","pid":22112,"level":20,"msg":"Added: \u001b[35mthemes/next/source/vendors/velocity/velocity.min.js\u001b[39m","time":"2015-12-20T08:32:58.943Z","v":0}
{"name":"hexo","hostname":"huangxudeMBP.lan","pid":22112,"level":20,"msg":"Added: \u001b[35mthemes/next/test/intern.js\u001b[39m","time":"2015-12-20T08:32:58.943Z","v":0}
{"name":"hexo","hostname":"huangxudeMBP.lan","pid":22112,"level":20,"msg":"Added: \u001b[35mthemes/next/source/vendors/font-awesome/fonts/FontAwesome.otf\u001b[39m","time":"2015-12-20T08:32:58.943Z","v":0}
{"name":"hexo","hostname":"huangxudeMBP.lan","pid":22112,"level":20,"msg":"Added: \u001b[35mthemes/next/source/vendors/font-awesome/fonts/fontawesome-webfont.eot\u001b[39m","time":"2015-12-20T08:32:58.945Z","v":0}
{"name":"hexo","hostname":"huangxudeMBP.lan","pid":22112,"level":20,"msg":"Added: \u001b[35mthemes/next/source/vendors/font-awesome/fonts/fontawesome-webfont.woff\u001b[39m","time":"2015-12-20T08:32:58.945Z","v":0}
{"name":"hexo","hostname":"huangxudeMBP.lan","pid":22112,"level":20,"msg":"Added: \u001b[35mthemes/next/source/vendors/jquery/index.js\u001b[39m","time":"2015-12-20T08:32:58.945Z","v":0}
{"name":"hexo","hostname":"huangxudeMBP.lan","pid":22112,"level":20,"msg":"Added: \u001b[35mthemes/next/source/vendors/font-awesome/fonts/fontawesome-webfont.ttf\u001b[39m","time":"2015-12-20T08:32:58.948Z","v":0}
{"name":"hexo","hostname":"huangxudeMBP.lan","pid":22112,"level":20,"msg":"Added: \u001b[35mthemes/next/source/vendors/velocity/velocity.js\u001b[39m","time":"2015-12-20T08:32:58.950Z","v":0}
{"name":"hexo","hostname":"huangxudeMBP.lan","pid":22112,"level":20,"msg":"Added: \u001b[35mthemes/next/source/vendors/font-awesome/fonts/fontawesome-webfont.svg\u001b[39m","time":"2015-12-20T08:32:58.952Z","v":0}
{"name":"hexo","hostname":"huangxudeMBP.lan","pid":22112,"level":20,"msg":"Processed: \u001b[35msource/vendors/velocity/velocity.ui.min.js\u001b[39m","time":"2015-12-20T08:32:58.956Z","v":0}
{"name":"hexo","hostname":"huangxudeMBP.lan","pid":22112,"level":20,"msg":"Processed: \u001b[35msource/vendors/velocity/velocity.ui.js\u001b[39m","time":"2015-12-20T08:32:58.957Z","v":0}
{"name":"hexo","hostname":"huangxudeMBP.lan","pid":22112,"level":20,"msg":"Processed: \u001b[35msource/vendors/velocity/velocity.min.js\u001b[39m","time":"2015-12-20T08:32:58.957Z","v":0}
{"name":"hexo","hostname":"huangxudeMBP.lan","pid":22112,"level":20,"msg":"Processed: \u001b[35msource/vendors/velocity/velocity.js\u001b[39m","time":"2015-12-20T08:32:58.958Z","v":0}
{"name":"hexo","hostname":"huangxudeMBP.lan","pid":22112,"level":20,"msg":"Processed: \u001b[35msource/vendors/velocity/bower.json\u001b[39m","time":"2015-12-20T08:32:58.958Z","v":0}
{"name":"hexo","hostname":"huangxudeMBP.lan","pid":22112,"level":20,"msg":"Processed: \u001b[35msource/vendors/jquery/index.js\u001b[39m","time":"2015-12-20T08:32:58.959Z","v":0}
{"name":"hexo","hostname":"huangxudeMBP.lan","pid":22112,"level":20,"msg":"Processed: \u001b[35msource/vendors/font-awesome/fonts/fontawesome-webfont.woff2\u001b[39m","time":"2015-12-20T08:32:58.959Z","v":0}
{"name":"hexo","hostname":"huangxudeMBP.lan","pid":22112,"level":20,"msg":"Processed: \u001b[35msource/vendors/font-awesome/fonts/fontawesome-webfont.woff\u001b[39m","time":"2015-12-20T08:32:58.959Z","v":0}
{"name":"hexo","hostname":"huangxudeMBP.lan","pid":22112,"level":20,"msg":"Processed: \u001b[35msource/vendors/font-awesome/fonts/fontawesome-webfont.ttf\u001b[39m","time":"2015-12-20T08:32:58.960Z","v":0}
{"name":"hexo","hostname":"huangxudeMBP.lan","pid":22112,"level":20,"msg":"Processed: \u001b[35msource/vendors/font-awesome/fonts/fontawesome-webfont.svg\u001b[39m","time":"2015-12-20T08:32:58.960Z","v":0}
{"name":"hexo","hostname":"huangxudeMBP.lan","pid":22112,"level":20,"msg":"Processed: \u001b[35msource/vendors/font-awesome/fonts/fontawesome-webfont.eot\u001b[39m","time":"2015-12-20T08:32:58.960Z","v":0}
{"name":"hexo","hostname":"huangxudeMBP.lan","pid":22112,"level":20,"msg":"Processed: \u001b[35msource/vendors/font-awesome/fonts/FontAwesome.otf\u001b[39m","time":"2015-12-20T08:32:58.960Z","v":0}
{"name":"hexo","hostname":"huangxudeMBP.lan","pid":22112,"level":20,"msg":"Processed: \u001b[35msource/vendors/font-awesome/css/font-awesome.min.css\u001b[39m","time":"2015-12-20T08:32:58.961Z","v":0}
{"name":"hexo","hostname":"huangxudeMBP.lan","pid":22112,"level":20,"msg":"Processed: \u001b[35msource/vendors/font-awesome/css/font-awesome.css.map\u001b[39m","time":"2015-12-20T08:32:58.961Z","v":0}
{"name":"hexo","hostname":"huangxudeMBP.lan","pid":22112,"level":20,"msg":"Processed: \u001b[35msource/vendors/font-awesome/css/font-awesome.css\u001b[39m","time":"2015-12-20T08:32:58.961Z","v":0}
{"name":"hexo","hostname":"huangxudeMBP.lan","pid":22112,"level":20,"msg":"Processed: \u001b[35msource/vendors/font-awesome/bower.json\u001b[39m","time":"2015-12-20T08:32:58.962Z","v":0}
{"name":"hexo","hostname":"huangxudeMBP.lan","pid":22112,"level":20,"msg":"Processed: \u001b[35msource/vendors/font-awesome/HELP-US-OUT.txt\u001b[39m","time":"2015-12-20T08:32:58.962Z","v":0}
{"name":"hexo","hostname":"huangxudeMBP.lan","pid":22112,"level":20,"msg":"Processed: \u001b[35msource/vendors/fastclick/lib/fastclick.min.js\u001b[39m","time":"2015-12-20T08:32:58.962Z","v":0}
{"name":"hexo","hostname":"huangxudeMBP.lan","pid":22112,"level":20,"msg":"Processed: \u001b[35msource/vendors/fastclick/lib/fastclick.js\u001b[39m","time":"2015-12-20T08:32:58.963Z","v":0}
{"name":"hexo","hostname":"huangxudeMBP.lan","pid":22112,"level":20,"msg":"Processed: \u001b[35msource/vendors/fastclick/bower.json\u001b[39m","time":"2015-12-20T08:32:58.963Z","v":0}
{"name":"hexo","hostname":"huangxudeMBP.lan","pid":22112,"level":20,"msg":"Processed: \u001b[35msource/vendors/fastclick/README.md\u001b[39m","time":"2015-12-20T08:32:58.963Z","v":0}
{"name":"hexo","hostname":"huangxudeMBP.lan","pid":22112,"level":20,"msg":"Processed: \u001b[35msource/vendors/fastclick/LICENSE\u001b[39m","time":"2015-12-20T08:32:58.964Z","v":0}
{"name":"hexo","hostname":"huangxudeMBP.lan","pid":22112,"level":20,"msg":"Processed: \u001b[35msource/vendors/fancybox/source/jquery.fancybox.pack.js\u001b[39m","time":"2015-12-20T08:32:58.964Z","v":0}
{"name":"hexo","hostname":"huangxudeMBP.lan","pid":22112,"level":20,"msg":"Processed: \u001b[35msource/vendors/fancybox/source/jquery.fancybox.js\u001b[39m","time":"2015-12-20T08:32:58.965Z","v":0}
{"name":"hexo","hostname":"huangxudeMBP.lan","pid":22112,"level":20,"msg":"Processed: \u001b[35msource/vendors/fancybox/source/jquery.fancybox.css\u001b[39m","time":"2015-12-20T08:32:58.965Z","v":0}
{"name":"hexo","hostname":"huangxudeMBP.lan","pid":22112,"level":20,"msg":"Processed: \u001b[35msource/vendors/fancybox/source/helpers/jquery.fancybox-thumbs.js\u001b[39m","time":"2015-12-20T08:32:58.965Z","v":0}
{"name":"hexo","hostname":"huangxudeMBP.lan","pid":22112,"level":20,"msg":"Processed: \u001b[35msource/vendors/fancybox/source/helpers/jquery.fancybox-thumbs.css\u001b[39m","time":"2015-12-20T08:32:58.965Z","v":0}
{"name":"hexo","hostname":"huangxudeMBP.lan","pid":22112,"level":20,"msg":"Processed: \u001b[35msource/vendors/fancybox/source/helpers/jquery.fancybox-media.js\u001b[39m","time":"2015-12-20T08:32:58.966Z","v":0}
{"name":"hexo","hostname":"huangxudeMBP.lan","pid":22112,"level":20,"msg":"Processed: \u001b[35msource/vendors/fancybox/source/helpers/jquery.fancybox-buttons.js\u001b[39m","time":"2015-12-20T08:32:58.966Z","v":0}
{"name":"hexo","hostname":"huangxudeMBP.lan","pid":22112,"level":20,"msg":"Processed: \u001b[35msource/vendors/fancybox/source/helpers/jquery.fancybox-buttons.css\u001b[39m","time":"2015-12-20T08:32:58.967Z","v":0}
{"name":"hexo","hostname":"huangxudeMBP.lan","pid":22112,"level":20,"msg":"Processed: \u001b[35msource/vendors/fancybox/source/helpers/fancybox_buttons.png\u001b[39m","time":"2015-12-20T08:32:58.967Z","v":0}
{"name":"hexo","hostname":"huangxudeMBP.lan","pid":22112,"level":20,"msg":"Processed: \u001b[35msource/vendors/fancybox/source/fancybox_sprite@2x.png\u001b[39m","time":"2015-12-20T08:32:58.969Z","v":0}
{"name":"hexo","hostname":"huangxudeMBP.lan","pid":22112,"level":20,"msg":"Processed: \u001b[35msource/vendors/fancybox/source/fancybox_sprite.png\u001b[39m","time":"2015-12-20T08:32:58.970Z","v":0}
{"name":"hexo","hostname":"huangxudeMBP.lan","pid":22112,"level":20,"msg":"Processed: \u001b[35msource/vendors/fancybox/source/fancybox_overlay.png\u001b[39m","time":"2015-12-20T08:32:58.971Z","v":0}
{"name":"hexo","hostname":"huangxudeMBP.lan","pid":22112,"level":20,"msg":"Processed: \u001b[35msource/vendors/fancybox/source/fancybox_loading@2x.gif\u001b[39m","time":"2015-12-20T08:32:58.971Z","v":0}
{"name":"hexo","hostname":"huangxudeMBP.lan","pid":22112,"level":20,"msg":"Processed: \u001b[35msource/vendors/fancybox/source/fancybox_loading.gif\u001b[39m","time":"2015-12-20T08:32:58.972Z","v":0}
{"name":"hexo","hostname":"huangxudeMBP.lan","pid":22112,"level":20,"msg":"Processed: \u001b[35msource/vendors/fancybox/source/blank.gif\u001b[39m","time":"2015-12-20T08:32:58.973Z","v":0}
{"name":"hexo","hostname":"huangxudeMBP.lan","pid":22112,"level":20,"msg":"Processed: \u001b[35msource/js/ua-parser.min.js\u001b[39m","time":"2015-12-20T08:32:58.973Z","v":0}
{"name":"hexo","hostname":"huangxudeMBP.lan","pid":22112,"level":20,"msg":"Processed: \u001b[35msource/js/nav-toggle.js\u001b[39m","time":"2015-12-20T08:32:58.973Z","v":0}
{"name":"hexo","hostname":"huangxudeMBP.lan","pid":22112,"level":20,"msg":"Processed: \u001b[35msource/js/motion_global.js\u001b[39m","time":"2015-12-20T08:32:58.974Z","v":0}
{"name":"hexo","hostname":"huangxudeMBP.lan","pid":22112,"level":20,"msg":"Processed: \u001b[35msource/js/motion_fallback.js\u001b[39m","time":"2015-12-20T08:32:58.974Z","v":0}
{"name":"hexo","hostname":"huangxudeMBP.lan","pid":22112,"level":20,"msg":"Processed: \u001b[35msource/js/lazyload.js\u001b[39m","time":"2015-12-20T08:32:58.974Z","v":0}
{"name":"hexo","hostname":"huangxudeMBP.lan","pid":22112,"level":20,"msg":"Processed: \u001b[35msource/js/hook-duoshuo.js\u001b[39m","time":"2015-12-20T08:32:58.977Z","v":0}
{"name":"hexo","hostname":"huangxudeMBP.lan","pid":22112,"level":20,"msg":"Processed: \u001b[35msource/js/helpers.js\u001b[39m","time":"2015-12-20T08:32:58.978Z","v":0}
{"name":"hexo","hostname":"huangxudeMBP.lan","pid":22112,"level":20,"msg":"Processed: \u001b[35msource/js/fancy-box.js\u001b[39m","time":"2015-12-20T08:32:58.979Z","v":0}
{"name":"hexo","hostname":"huangxudeMBP.lan","pid":22112,"level":20,"msg":"Processed: \u001b[35msource/js/bootstrap.scrollspy.js\u001b[39m","time":"2015-12-20T08:32:58.980Z","v":0}
{"name":"hexo","hostname":"huangxudeMBP.lan","pid":22112,"level":20,"msg":"Processed: \u001b[35msource/images/searchicon.png\u001b[39m","time":"2015-12-20T08:32:58.981Z","v":0}
{"name":"hexo","hostname":"huangxudeMBP.lan","pid":22112,"level":20,"msg":"Processed: \u001b[35msource/images/quote-r.svg\u001b[39m","time":"2015-12-20T08:32:58.981Z","v":0}
{"name":"hexo","hostname":"huangxudeMBP.lan","pid":22112,"level":20,"msg":"Processed: \u001b[35msource/images/quote-l.svg\u001b[39m","time":"2015-12-20T08:32:58.982Z","v":0}
{"name":"hexo","hostname":"huangxudeMBP.lan","pid":22112,"level":20,"msg":"Processed: \u001b[35msource/images/placeholder.gif\u001b[39m","time":"2015-12-20T08:32:58.982Z","v":0}
{"name":"hexo","hostname":"huangxudeMBP.lan","pid":22112,"level":20,"msg":"Processed: \u001b[35msource/images/loading.gif\u001b[39m","time":"2015-12-20T08:32:58.983Z","v":0}
{"name":"hexo","hostname":"huangxudeMBP.lan","pid":22112,"level":20,"msg":"Processed: \u001b[35msource/images/cc-zero.svg\u001b[39m","time":"2015-12-20T08:32:58.983Z","v":0}
{"name":"hexo","hostname":"huangxudeMBP.lan","pid":22112,"level":20,"msg":"Processed: \u001b[35msource/images/cc-by.svg\u001b[39m","time":"2015-12-20T08:32:58.983Z","v":0}
{"name":"hexo","hostname":"huangxudeMBP.lan","pid":22112,"level":20,"msg":"Processed: \u001b[35msource/images/cc-by-sa.svg\u001b[39m","time":"2015-12-20T08:32:58.983Z","v":0}
{"name":"hexo","hostname":"huangxudeMBP.lan","pid":22112,"level":20,"msg":"Processed: \u001b[35msource/images/cc-by-nd.svg\u001b[39m","time":"2015-12-20T08:32:58.983Z","v":0}
{"name":"hexo","hostname":"huangxudeMBP.lan","pid":22112,"level":20,"msg":"Processed: \u001b[35msource/images/cc-by-nc.svg\u001b[39m","time":"2015-12-20T08:32:58.984Z","v":0}
{"name":"hexo","hostname":"huangxudeMBP.lan","pid":22112,"level":20,"msg":"Processed: \u001b[35msource/images/cc-by-nc-sa.svg\u001b[39m","time":"2015-12-20T08:32:58.984Z","v":0}
{"name":"hexo","hostname":"huangxudeMBP.lan","pid":22112,"level":20,"msg":"Processed: \u001b[35msource/images/cc-by-nc-nd.svg\u001b[39m","time":"2015-12-20T08:32:58.984Z","v":0}
{"name":"hexo","hostname":"huangxudeMBP.lan","pid":22112,"level":20,"msg":"Processed: \u001b[35msource/images/bkdefault_avatar.jpg\u001b[39m","time":"2015-12-20T08:32:58.984Z","v":0}
{"name":"hexo","hostname":"huangxudeMBP.lan","pid":22112,"level":20,"msg":"Processed: \u001b[35msource/fonts/icon-linecons/selection.json\u001b[39m","time":"2015-12-20T08:32:58.984Z","v":0}
{"name":"hexo","hostname":"huangxudeMBP.lan","pid":22112,"level":20,"msg":"Processed: \u001b[35msource/fonts/icon-linecons/icomoon.woff\u001b[39m","time":"2015-12-20T08:32:58.985Z","v":0}
{"name":"hexo","hostname":"huangxudeMBP.lan","pid":22112,"level":20,"msg":"Processed: \u001b[35msource/fonts/icon-linecons/icomoon.ttf\u001b[39m","time":"2015-12-20T08:32:58.985Z","v":0}
{"name":"hexo","hostname":"huangxudeMBP.lan","pid":22112,"level":20,"msg":"Processed: \u001b[35msource/fonts/icon-linecons/icomoon.svg\u001b[39m","time":"2015-12-20T08:32:58.985Z","v":0}
{"name":"hexo","hostname":"huangxudeMBP.lan","pid":22112,"level":20,"msg":"Processed: \u001b[35msource/fonts/icon-linecons/icomoon.eot\u001b[39m","time":"2015-12-20T08:32:58.985Z","v":0}
{"name":"hexo","hostname":"huangxudeMBP.lan","pid":22112,"level":20,"msg":"Processed: \u001b[35msource/fonts/icon-icomoon/icomoon.woff\u001b[39m","time":"2015-12-20T08:32:58.985Z","v":0}
{"name":"hexo","hostname":"huangxudeMBP.lan","pid":22112,"level":20,"msg":"Processed: \u001b[35msource/fonts/icon-icomoon/icomoon.ttf\u001b[39m","time":"2015-12-20T08:32:58.986Z","v":0}
{"name":"hexo","hostname":"huangxudeMBP.lan","pid":22112,"level":20,"msg":"Processed: \u001b[35msource/fonts/icon-icomoon/icomoon.svg\u001b[39m","time":"2015-12-20T08:32:58.986Z","v":0}
{"name":"hexo","hostname":"huangxudeMBP.lan","pid":22112,"level":20,"msg":"Processed: \u001b[35msource/fonts/icon-icomoon/icomoon.eot\u001b[39m","time":"2015-12-20T08:32:58.987Z","v":0}
{"name":"hexo","hostname":"huangxudeMBP.lan","pid":22112,"level":20,"msg":"Processed: \u001b[35msource/fonts/icon-fifty-shades/selection.json\u001b[39m","time":"2015-12-20T08:32:58.987Z","v":0}
{"name":"hexo","hostname":"huangxudeMBP.lan","pid":22112,"level":20,"msg":"Processed: \u001b[35msource/fonts/icon-fifty-shades/icomoon.woff\u001b[39m","time":"2015-12-20T08:32:58.987Z","v":0}
{"name":"hexo","hostname":"huangxudeMBP.lan","pid":22112,"level":20,"msg":"Processed: \u001b[35msource/fonts/icon-fifty-shades/icomoon.ttf\u001b[39m","time":"2015-12-20T08:32:58.987Z","v":0}
{"name":"hexo","hostname":"huangxudeMBP.lan","pid":22112,"level":20,"msg":"Processed: \u001b[35msource/fonts/icon-fifty-shades/icomoon.svg\u001b[39m","time":"2015-12-20T08:32:58.987Z","v":0}
{"name":"hexo","hostname":"huangxudeMBP.lan","pid":22112,"level":20,"msg":"Processed: \u001b[35msource/fonts/icon-fifty-shades/icomoon.eot\u001b[39m","time":"2015-12-20T08:32:58.988Z","v":0}
{"name":"hexo","hostname":"huangxudeMBP.lan","pid":22112,"level":20,"msg":"Processed: \u001b[35msource/fonts/icon-feather/selection.json\u001b[39m","time":"2015-12-20T08:32:58.988Z","v":0}
{"name":"hexo","hostname":"huangxudeMBP.lan","pid":22112,"level":20,"msg":"Processed: \u001b[35msource/fonts/icon-feather/icomoon.woff\u001b[39m","time":"2015-12-20T08:32:58.989Z","v":0}
{"name":"hexo","hostname":"huangxudeMBP.lan","pid":22112,"level":20,"msg":"Processed: \u001b[35msource/fonts/icon-feather/icomoon.ttf\u001b[39m","time":"2015-12-20T08:32:58.989Z","v":0}
{"name":"hexo","hostname":"huangxudeMBP.lan","pid":22112,"level":20,"msg":"Processed: \u001b[35msource/fonts/icon-feather/icomoon.svg\u001b[39m","time":"2015-12-20T08:32:58.990Z","v":0}
{"name":"hexo","hostname":"huangxudeMBP.lan","pid":22112,"level":20,"msg":"Processed: \u001b[35msource/fonts/icon-feather/icomoon.eot\u001b[39m","time":"2015-12-20T08:32:58.990Z","v":0}
{"name":"hexo","hostname":"huangxudeMBP.lan","pid":22112,"level":20,"msg":"Processed: \u001b[35msource/fonts/icon-default/selection.json\u001b[39m","time":"2015-12-20T08:32:58.991Z","v":0}
{"name":"hexo","hostname":"huangxudeMBP.lan","pid":22112,"level":20,"msg":"Processed: \u001b[35msource/fonts/icon-default/icomoon.woff\u001b[39m","time":"2015-12-20T08:32:58.991Z","v":0}
{"name":"hexo","hostname":"huangxudeMBP.lan","pid":22112,"level":20,"msg":"Processed: \u001b[35msource/fonts/icon-default/icomoon.ttf\u001b[39m","time":"2015-12-20T08:32:58.992Z","v":0}
{"name":"hexo","hostname":"huangxudeMBP.lan","pid":22112,"level":20,"msg":"Processed: \u001b[35msource/fonts/icon-default/icomoon.svg\u001b[39m","time":"2015-12-20T08:32:58.992Z","v":0}
{"name":"hexo","hostname":"huangxudeMBP.lan","pid":22112,"level":20,"msg":"Processed: \u001b[35msource/fonts/icon-default/icomoon.eot\u001b[39m","time":"2015-12-20T08:32:58.992Z","v":0}
{"name":"hexo","hostname":"huangxudeMBP.lan","pid":22112,"level":20,"msg":"Processed: \u001b[35msource/css/main.styl\u001b[39m","time":"2015-12-20T08:32:58.992Z","v":0}
{"name":"hexo","hostname":"huangxudeMBP.lan","pid":22112,"level":20,"msg":"Processed: \u001b[35mlayout/tag.swig\u001b[39m","time":"2015-12-20T08:32:59.000Z","v":0}
{"name":"hexo","hostname":"huangxudeMBP.lan","pid":22112,"level":20,"msg":"Processed: \u001b[35mlayout/post.swig\u001b[39m","time":"2015-12-20T08:32:59.003Z","v":0}
{"name":"hexo","hostname":"huangxudeMBP.lan","pid":22112,"level":20,"msg":"Processed: \u001b[35mlayout/page.swig\u001b[39m","time":"2015-12-20T08:32:59.004Z","v":0}
{"name":"hexo","hostname":"huangxudeMBP.lan","pid":22112,"level":20,"msg":"Processed: \u001b[35mlayout/index.swig\u001b[39m","time":"2015-12-20T08:32:59.006Z","v":0}
{"name":"hexo","hostname":"huangxudeMBP.lan","pid":22112,"level":20,"msg":"Processed: \u001b[35mlayout/category.swig\u001b[39m","time":"2015-12-20T08:32:59.009Z","v":0}
{"name":"hexo","hostname":"huangxudeMBP.lan","pid":22112,"level":20,"msg":"Processed: \u001b[35mlayout/archive.swig\u001b[39m","time":"2015-12-20T08:32:59.011Z","v":0}
{"name":"hexo","hostname":"huangxudeMBP.lan","pid":22112,"level":20,"msg":"Processed: \u001b[35mlayout/_scripts/tinysou.swig\u001b[39m","time":"2015-12-20T08:32:59.013Z","v":0}
{"name":"hexo","hostname":"huangxudeMBP.lan","pid":22112,"level":20,"msg":"Processed: \u001b[35mlayout/_scripts/pages/post-details.swig\u001b[39m","time":"2015-12-20T08:32:59.014Z","v":0}
{"name":"hexo","hostname":"huangxudeMBP.lan","pid":22112,"level":20,"msg":"Processed: \u001b[35mlayout/_scripts/motion.swig\u001b[39m","time":"2015-12-20T08:32:59.015Z","v":0}
{"name":"hexo","hostname":"huangxudeMBP.lan","pid":22112,"level":20,"msg":"Processed: \u001b[35mlayout/_scripts/mathjax.swig\u001b[39m","time":"2015-12-20T08:32:59.016Z","v":0}
{"name":"hexo","hostname":"huangxudeMBP.lan","pid":22112,"level":20,"msg":"Processed: \u001b[35mlayout/_scripts/helpers.swig\u001b[39m","time":"2015-12-20T08:32:59.017Z","v":0}
{"name":"hexo","hostname":"huangxudeMBP.lan","pid":22112,"level":20,"msg":"Processed: \u001b[35mlayout/_scripts/fancy-box.swig\u001b[39m","time":"2015-12-20T08:32:59.019Z","v":0}
{"name":"hexo","hostname":"huangxudeMBP.lan","pid":22112,"level":20,"msg":"Processed: \u001b[35mlayout/_scripts/comments/duoshuo.swig\u001b[39m","time":"2015-12-20T08:32:59.020Z","v":0}
{"name":"hexo","hostname":"huangxudeMBP.lan","pid":22112,"level":20,"msg":"Processed: \u001b[35mlayout/_scripts/comments/disqus.swig\u001b[39m","time":"2015-12-20T08:32:59.021Z","v":0}
{"name":"hexo","hostname":"huangxudeMBP.lan","pid":22112,"level":20,"msg":"Processed: \u001b[35mlayout/_scripts/bootstrap.scrollspy.swig\u001b[39m","time":"2015-12-20T08:32:59.022Z","v":0}
{"name":"hexo","hostname":"huangxudeMBP.lan","pid":22112,"level":20,"msg":"Added: \u001b[35msource/uploads/DSC_1202.JPG\u001b[39m","time":"2015-12-20T08:32:59.023Z","v":0}
{"name":"hexo","hostname":"huangxudeMBP.lan","pid":22112,"level":20,"msg":"Added: \u001b[35msource/_posts/DSC_1202.JPG\u001b[39m","time":"2015-12-20T08:32:59.023Z","v":0}
{"name":"hexo","hostname":"huangxudeMBP.lan","pid":22112,"level":20,"msg":"Processed: \u001b[35mlayout/_scripts/baidushare.swig\u001b[39m","time":"2015-12-20T08:32:59.026Z","v":0}
{"name":"hexo","hostname":"huangxudeMBP.lan","pid":22112,"level":20,"msg":"Processed: \u001b[35m_posts/Apple Watch使用指南.md\u001b[39m","time":"2015-12-20T08:32:59.033Z","v":0}
{"name":"hexo","hostname":"huangxudeMBP.lan","pid":22112,"level":20,"msg":"Processed: \u001b[35muploads/DSC_1202.JPG\u001b[39m","time":"2015-12-20T08:32:59.034Z","v":0}
{"name":"hexo","hostname":"huangxudeMBP.lan","pid":22112,"level":20,"msg":"Processed: \u001b[35mlayout/_scripts/analytics.swig\u001b[39m","time":"2015-12-20T08:32:59.035Z","v":0}
{"name":"hexo","hostname":"huangxudeMBP.lan","pid":22112,"level":20,"msg":"Processed: \u001b[35m_posts/支付宝SDK集成.md\u001b[39m","time":"2015-12-20T08:32:59.039Z","v":0}
{"name":"hexo","hostname":"huangxudeMBP.lan","pid":22112,"level":20,"msg":"Processed: \u001b[35mlayout/_scripts/analytics/google-analytics.swig\u001b[39m","time":"2015-12-20T08:32:59.039Z","v":0}
{"name":"hexo","hostname":"huangxudeMBP.lan","pid":22112,"level":20,"msg":"Processed: \u001b[35m_posts/hello-world.md\u001b[39m","time":"2015-12-20T08:32:59.041Z","v":0}
{"name":"hexo","hostname":"huangxudeMBP.lan","pid":22112,"level":20,"msg":"Processed: \u001b[35m_posts/DSC_1202.JPG\u001b[39m","time":"2015-12-20T08:32:59.041Z","v":0}
{"name":"hexo","hostname":"huangxudeMBP.lan","pid":22112,"level":20,"msg":"Processed: \u001b[35mlayout/_scripts/analytics/facebook-sdk.swig\u001b[39m","time":"2015-12-20T08:32:59.044Z","v":0}
{"name":"hexo","hostname":"huangxudeMBP.lan","pid":22112,"level":20,"msg":"Processed: \u001b[35mlayout/_scripts/analytics/baidu-analytics.swig\u001b[39m","time":"2015-12-20T08:32:59.079Z","v":0}
{"name":"hexo","hostname":"huangxudeMBP.lan","pid":22112,"level":20,"msg":"Processed: \u001b[35mlayout/_partials/share/jiathis.swig\u001b[39m","time":"2015-12-20T08:32:59.082Z","v":0}
{"name":"hexo","hostname":"huangxudeMBP.lan","pid":22112,"level":20,"msg":"Processed: \u001b[35mlayout/_partials/share/duoshuo_share.swig\u001b[39m","time":"2015-12-20T08:32:59.083Z","v":0}
{"name":"hexo","hostname":"huangxudeMBP.lan","pid":22112,"level":20,"msg":"Processed: \u001b[35mlayout/_partials/search.swig\u001b[39m","time":"2015-12-20T08:32:59.087Z","v":0}
{"name":"hexo","hostname":"huangxudeMBP.lan","pid":22112,"level":20,"msg":"Processed: \u001b[35mlayout/_partials/search/tinysou.swig\u001b[39m","time":"2015-12-20T08:32:59.100Z","v":0}
{"name":"hexo","hostname":"huangxudeMBP.lan","pid":22112,"level":20,"msg":"Processed: \u001b[35mlayout/_partials/search/swiftype.swig\u001b[39m","time":"2015-12-20T08:32:59.102Z","v":0}
{"name":"hexo","hostname":"huangxudeMBP.lan","pid":22112,"level":20,"msg":"Processed: \u001b[35mlayout/_partials/pagination.swig\u001b[39m","time":"2015-12-20T08:32:59.103Z","v":0}
{"name":"hexo","hostname":"huangxudeMBP.lan","pid":22112,"level":20,"msg":"Processed: \u001b[35mlayout/_partials/old-browsers.swig\u001b[39m","time":"2015-12-20T08:32:59.104Z","v":0}
{"name":"hexo","hostname":"huangxudeMBP.lan","pid":22112,"level":20,"msg":"Processed: \u001b[35mlayout/_partials/header.swig\u001b[39m","time":"2015-12-20T08:32:59.104Z","v":0}
{"name":"hexo","hostname":"huangxudeMBP.lan","pid":22112,"level":20,"msg":"Processed: \u001b[35mlayout/_partials/head.swig\u001b[39m","time":"2015-12-20T08:32:59.105Z","v":0}
{"name":"hexo","hostname":"huangxudeMBP.lan","pid":22112,"level":20,"msg":"Processed: \u001b[35mlayout/_partials/footer.swig\u001b[39m","time":"2015-12-20T08:32:59.105Z","v":0}
{"name":"hexo","hostname":"huangxudeMBP.lan","pid":22112,"level":20,"msg":"Processed: \u001b[35mlayout/_macro/sidebar.swig\u001b[39m","time":"2015-12-20T08:32:59.106Z","v":0}
{"name":"hexo","hostname":"huangxudeMBP.lan","pid":22112,"level":20,"msg":"Processed: \u001b[35mlayout/_macro/post.swig\u001b[39m","time":"2015-12-20T08:32:59.106Z","v":0}
{"name":"hexo","hostname":"huangxudeMBP.lan","pid":22112,"level":20,"msg":"Processed: \u001b[35mlayout/_macro/post-collapse.swig\u001b[39m","time":"2015-12-20T08:32:59.107Z","v":0}
{"name":"hexo","hostname":"huangxudeMBP.lan","pid":22112,"level":20,"msg":"Processed: \u001b[35mlayout/_layout.swig\u001b[39m","time":"2015-12-20T08:32:59.108Z","v":0}
{"name":"hexo","hostname":"huangxudeMBP.lan","pid":22112,"level":20,"msg":"Processed: \u001b[35mlanguages/zh-tw.yml\u001b[39m","time":"2015-12-20T08:32:59.111Z","v":0}
{"name":"hexo","hostname":"huangxudeMBP.lan","pid":22112,"level":20,"msg":"Processed: \u001b[35mlanguages/zh-hk.yml\u001b[39m","time":"2015-12-20T08:32:59.113Z","v":0}
{"name":"hexo","hostname":"huangxudeMBP.lan","pid":22112,"level":20,"msg":"Processed: \u001b[35mlanguages/zh-Hans.yml\u001b[39m","time":"2015-12-20T08:32:59.121Z","v":0}
{"name":"hexo","hostname":"huangxudeMBP.lan","pid":22112,"level":20,"msg":"Processed: \u001b[35mlanguages/ru.yml\u001b[39m","time":"2015-12-20T08:32:59.123Z","v":0}
{"name":"hexo","hostname":"huangxudeMBP.lan","pid":22112,"level":20,"msg":"Processed: \u001b[35mlanguages/pt.yml\u001b[39m","time":"2015-12-20T08:32:59.123Z","v":0}
{"name":"hexo","hostname":"huangxudeMBP.lan","pid":22112,"level":20,"msg":"Processed: \u001b[35mlanguages/fr-FR.yml\u001b[39m","time":"2015-12-20T08:32:59.124Z","v":0}
{"name":"hexo","hostname":"huangxudeMBP.lan","pid":22112,"level":20,"msg":"Processed: \u001b[35mlanguages/en.yml\u001b[39m","time":"2015-12-20T08:32:59.125Z","v":0}
{"name":"hexo","hostname":"huangxudeMBP.lan","pid":22112,"level":20,"msg":"Processed: \u001b[35mlanguages/default.yml\u001b[39m","time":"2015-12-20T08:32:59.126Z","v":0}
{"name":"hexo","hostname":"huangxudeMBP.lan","pid":22112,"level":20,"msg":"Processed: \u001b[35mlanguages/de.yml\u001b[39m","time":"2015-12-20T08:32:59.128Z","v":0}
{"name":"hexo","hostname":"huangxudeMBP.lan","pid":22112,"level":20,"msg":"Theme config loaded.","time":"2015-12-20T08:32:59.130Z","v":0}
{"name":"hexo","hostname":"huangxudeMBP.lan","pid":22112,"level":20,"msg":"Processed: \u001b[35m_config.yml\u001b[39m","time":"2015-12-20T08:32:59.133Z","v":0}
{"name":"hexo","hostname":"huangxudeMBP.lan","pid":22112,"level":20,"msg":"Generator: \u001b[35mpage\u001b[39m","time":"2015-12-20T08:32:59.759Z","v":0}
{"name":"hexo","hostname":"huangxudeMBP.lan","pid":22112,"level":20,"msg":"Generator: \u001b[35mpost\u001b[39m","time":"2015-12-20T08:32:59.759Z","v":0}
{"name":"hexo","hostname":"huangxudeMBP.lan","pid":22112,"level":20,"msg":"Generator: \u001b[35mcategory\u001b[39m","time":"2015-12-20T08:32:59.760Z","v":0}
{"name":"hexo","hostname":"huangxudeMBP.lan","pid":22112,"level":20,"msg":"Generator: \u001b[35marchive\u001b[39m","time":"2015-12-20T08:32:59.760Z","v":0}
{"name":"hexo","hostname":"huangxudeMBP.lan","pid":22112,"level":20,"msg":"Generator: \u001b[35mtag\u001b[39m","time":"2015-12-20T08:32:59.760Z","v":0}
{"name":"hexo","hostname":"huangxudeMBP.lan","pid":22112,"level":20,"msg":"Generator: \u001b[35mindex\u001b[39m","time":"2015-12-20T08:32:59.760Z","v":0}
{"name":"hexo","hostname":"huangxudeMBP.lan","pid":22112,"level":20,"msg":"Generator: \u001b[35mgenerator-0\u001b[39m","time":"2015-12-20T08:32:59.760Z","v":0}
{"name":"hexo","hostname":"huangxudeMBP.lan","pid":22112,"level":20,"msg":"Generator: \u001b[35masset\u001b[39m","time":"2015-12-20T08:32:59.763Z","v":0}
{"name":"hexo","hostname":"huangxudeMBP.lan","pid":22112,"level":30,"msg":"Hexo is running at \u001b[4mhttp://0.0.0.0:4000/\u001b[24m. Press Ctrl+C to stop.","time":"2015-12-20T08:32:59.770Z","v":0}
{"name":"hexo","hostname":"huangxudeMBP.lan","pid":22112,"level":20,"msg":"Database saved","time":"2015-12-20T08:32:59.786Z","v":0}
{"name":"hexo","hostname":"huangxudeMBP.lan","pid":22112,"level":20,"msg":"Rendering index: \u001b[35mindex.html\u001b[39m","time":"2015-12-20T08:33:38.634Z","v":0}
{"name":"hexo","hostname":"huangxudeMBP.lan","pid":22112,"level":30,"msg":"See you again","time":"2015-12-20T08:33:53.565Z","v":0}
{"name":"hexo","hostname":"huangxudeMBP.lan","pid":22112,"level":20,"msg":"Database saved","time":"2015-12-20T08:33:53.585Z","v":0}
